I:\server\regular\plugins\userscript_functions>pip install pystashlib
Collecting pystashlib
  Using cached pystashlib-0.3.0-py3-none-any.whl (36 kB)
Collecting cloudscraper
  Using cached cloudscraper-1.2.65-py2.py3-none-any.whl (98 kB)
Requirement already satisfied: pyyaml in c:\python311\lib\site-packages (from pystashlib) (6.0)
Collecting lxml
  Using cached lxml-4.9.1.tar.gz (3.4 MB)
  Preparing metadata (setup.py) ... done
Requirement already satisfied: python-dateutil in c:\python311\lib\site-packages (from pystashlib) (2.8.2)
Requirement already satisfied: pyparsing>=2.4.7 in c:\python311\lib\site-packages (from cloudscraper->pystashlib) (3.0.9)
Requirement already satisfied: requests>=2.9.2 in c:\python311\lib\site-packages (from cloudscraper->pystashlib) (2.28.1)
Collecting requests-toolbelt>=0.9.1
  Using cached requests_toolbelt-0.10.1-py2.py3-none-any.whl (54 kB)
Requirement already satisfied: six>=1.5 in c:\python311\lib\site-packages (from python-dateutil->pystashlib) (1.16.0)
Requirement already satisfied: charset-normalizer<3,>=2 in c:\python311\lib\site-packages (from requests>=2.9.2->cloudscraper->pystashlib) (2.1.1)
Requirement already satisfied: idna<4,>=2.5 in c:\python311\lib\site-packages (from requests>=2.9.2->cloudscraper->pystashlib) (3.4)
Requirement already satisfied: urllib3<1.27,>=1.21.1 in c:\python311\lib\site-packages (from requests>=2.9.2->cloudscraper->pystashlib) (1.26.12)
Requirement already satisfied: certifi>=2017.4.17 in c:\python311\lib\site-packages (from requests>=2.9.2->cloudscraper->pystashlib) (2022.9.24)
Installing collected packages: lxml, requests-toolbelt, cloudscraper, pystashlib
  DEPRECATION: lxml is being installed using the legacy 'setup.py install' method, because it does not have a 'pyproject.toml' and the 'wheel' package is not installed. pip 23.1 will enforce this behaviour change. A possible replacement is to enable the '--use-pep517' option. Discussion can be found at https://github.com/pypa/pip/issues/8559
  Running setup.py install for lxml ... error
  error: subprocess-exited-with-error

  × Running setup.py install for lxml did not run successfully.
  │ exit code: 1
  ╰─> [96 lines of output]
      Building lxml version 4.9.1.
      Building without Cython.
      Building against pre-built libxml2 andl libxslt libraries
      running install
      C:\Python311\Lib\site-packages\setuptools\command\install.py:34: SetuptoolsDeprecationWarning: setup.py install is deprecated. Use build and pip and other standards-based tools.
        warnings.warn(
      running build
      running build_py
      creating build
      creating build\lib.win-amd64-cpython-311
      creating build\lib.win-amd64-cpython-311\lxml
      copying src\lxml\builder.py -> build\lib.win-amd64-cpython-311\lxml
      copying src\lxml\cssselect.py -> build\lib.win-amd64-cpython-311\lxml
      copying src\lxml\doctestcompare.py -> build\lib.win-amd64-cpython-311\lxml
      copying src\lxml\ElementInclude.py -> build\lib.win-amd64-cpython-311\lxml
      copying src\lxml\pyclasslookup.py -> build\lib.win-amd64-cpython-311\lxml
      copying src\lxml\sax.py -> build\lib.win-amd64-cpython-311\lxml
      copying src\lxml\usedoctest.py -> build\lib.win-amd64-cpython-311\lxml
      copying src\lxml\_elementpath.py -> build\lib.win-amd64-cpython-311\lxml
      copying src\lxml\__init__.py -> build\lib.win-amd64-cpython-311\lxml
      creating build\lib.win-amd64-cpython-311\lxml\includes
      copying src\lxml\includes\__init__.py -> build\lib.win-amd64-cpython-311\lxml\includes
      creating build\lib.win-amd64-cpython-311\lxml\html
      copying src\lxml\html\builder.py -> build\lib.win-amd64-cpython-311\lxml\html
      copying src\lxml\html\clean.py -> build\lib.win-amd64-cpython-311\lxml\html
      copying src\lxml\html\defs.py -> build\lib.win-amd64-cpython-311\lxml\html
      copying src\lxml\html\diff.py -> build\lib.win-amd64-cpython-311\lxml\html
      copying src\lxml\html\ElementSoup.py -> build\lib.win-amd64-cpython-311\lxml\html
      copying src\lxml\html\formfill.py -> build\lib.win-amd64-cpython-311\lxml\html
      copying src\lxml\html\html5parser.py -> build\lib.win-amd64-cpython-311\lxml\html
      copying src\lxml\html\soupparser.py -> build\lib.win-amd64-cpython-311\lxml\html
      copying src\lxml\html\usedoctest.py -> build\lib.win-amd64-cpython-311\lxml\html
      copying src\lxml\html\_diffcommand.py -> build\lib.win-amd64-cpython-311\lxml\html
      copying src\lxml\html\_html5builder.py -> build\lib.win-amd64-cpython-311\lxml\html
      copying src\lxml\html\_setmixin.py -> build\lib.win-amd64-cpython-311\lxml\html
      copying src\lxml\html\__init__.py -> build\lib.win-amd64-cpython-311\lxml\html
      creating build\lib.win-amd64-cpython-311\lxml\isoschematron
      copying src\lxml\isoschematron\__init__.py -> build\lib.win-amd64-cpython-311\lxml\isoschematron
      copying src\lxml\etree.h -> build\lib.win-amd64-cpython-311\lxml
      copying src\lxml\etree_api.h -> build\lib.win-amd64-cpython-311\lxml
      copying src\lxml\lxml.etree.h -> build\lib.win-amd64-cpython-311\lxml
      copying src\lxml\lxml.etree_api.h -> build\lib.win-amd64-cpython-311\lxml
      copying src\lxml\includes\c14n.pxd -> build\lib.win-amd64-cpython-311\lxml\includes
      copying src\lxml\includes\config.pxd -> build\lib.win-amd64-cpython-311\lxml\includes
      copying src\lxml\includes\dtdvalid.pxd -> build\lib.win-amd64-cpython-311\lxml\includes
      copying src\lxml\includes\etreepublic.pxd -> build\lib.win-amd64-cpython-311\lxml\includes
      copying src\lxml\includes\htmlparser.pxd -> build\lib.win-amd64-cpython-311\lxml\includes
      copying src\lxml\includes\relaxng.pxd -> build\lib.win-amd64-cpython-311\lxml\includes
      copying src\lxml\includes\schematron.pxd -> build\lib.win-amd64-cpython-311\lxml\includes
      copying src\lxml\includes\tree.pxd -> build\lib.win-amd64-cpython-311\lxml\includes
      copying src\lxml\includes\uri.pxd -> build\lib.win-amd64-cpython-311\lxml\includes
      copying src\lxml\includes\xinclude.pxd -> build\lib.win-amd64-cpython-311\lxml\includes
      copying src\lxml\includes\xmlerror.pxd -> build\lib.win-amd64-cpython-311\lxml\includes
      copying src\lxml\includes\xmlparser.pxd -> build\lib.win-amd64-cpython-311\lxml\includes
      copying src\lxml\includes\xmlschema.pxd -> build\lib.win-amd64-cpython-311\lxml\includes
      copying src\lxml\includes\xpath.pxd -> build\lib.win-amd64-cpython-311\lxml\includes
      copying src\lxml\includes\xslt.pxd -> build\lib.win-amd64-cpython-311\lxml\includes
      copying src\lxml\includes\__init__.pxd -> build\lib.win-amd64-cpython-311\lxml\includes
      copying src\lxml\includes\etree_defs.h -> build\lib.win-amd64-cpython-311\lxml\includes
      copying src\lxml\includes\lxml-version.h -> build\lib.win-amd64-cpython-311\lxml\includes
      creating build\lib.win-amd64-cpython-311\lxml\isoschematron\resources
      creating build\lib.win-amd64-cpython-311\lxml\isoschematron\resources\rng
      copying src\lxml\isoschematron\resources\rng\iso-schematron.rng -> build\lib.win-amd64-cpython-311\lxml\isoschematron\resources\rng
      creating build\lib.win-amd64-cpython-311\lxml\isoschematron\resources\xsl
      copying src\lxml\isoschematron\resources\xsl\RNG2Schtrn.xsl -> build\lib.win-amd64-cpython-311\lxml\isoschematron\resources\xsl
      copying src\lxml\isoschematron\resources\xsl\XSD2Schtrn.xsl -> build\lib.win-amd64-cpython-311\lxml\isoschematron\resources\xsl
      creating build\lib.win-amd64-cpython-311\lxml\isoschematron\resources\xsl\iso-schematron-xslt1
      copying src\lxml\isoschematron\resources\xsl\iso-schematron-xslt1\iso_abstract_expand.xsl -> build\lib.win-amd64-cpython-311\lxml\isoschematron\resources\xsl\iso-schematron-xslt1
      copying src\lxml\isoschematron\resources\xsl\iso-schematron-xslt1\iso_dsdl_include.xsl -> build\lib.win-amd64-cpython-311\lxml\isoschematron\resources\xsl\iso-schematron-xslt1
      copying src\lxml\isoschematron\resources\xsl\iso-schematron-xslt1\iso_schematron_message.xsl -> build\lib.win-amd64-cpython-311\lxml\isoschematron\resources\xsl\iso-schematron-xslt1
      copying src\lxml\isoschematron\resources\xsl\iso-schematron-xslt1\iso_schematron_skeleton_for_xslt1.xsl -> build\lib.win-amd64-cpython-311\lxml\isoschematron\resources\xsl\iso-schematron-xslt1
      copying src\lxml\isoschematron\resources\xsl\iso-schematron-xslt1\iso_svrl_for_xslt1.xsl -> build\lib.win-amd64-cpython-311\lxml\isoschematron\resources\xsl\iso-schematron-xslt1
      copying src\lxml\isoschematron\resources\xsl\iso-schematron-xslt1\readme.txt -> build\lib.win-amd64-cpython-311\lxml\isoschematron\resources\xsl\iso-schematron-xslt1
      running build_ext
      building 'lxml.etree' extension
      creating build\temp.win-amd64-cpython-311
      creating build\temp.win-amd64-cpython-311\Release
      creating build\temp.win-amd64-cpython-311\Release\src
      creating build\temp.win-amd64-cpython-311\Release\src\lxml
      "D:\Program Files\Microsoft Visual Studio\2022\Community\VC\Tools\MSVC\14.31.31103\bin\HostX86\x64\cl.exe" /c /nologo /O2 /W3 /GL /DNDEBUG /MD -DCYTHON_CLINE_IN_TRACEBACK=0 -Isrc -Isrc\lxml\includes -IC:\Python311\include -IC:\Python311\Include "-ID:\Program Files\Microsoft Visual Studio\2022\Community\VC\Tools\MSVC\14.31.31103\ATLMFC\include" "-ID:\Program Files\Microsoft Visual Studio\2022\Community\VC\Tools\MSVC\14.31.31103\include" "-IC:\Program Files (x86)\Windows Kits\NETFXSDK\4.8\include\um" "-IC:\Program Files (x86)\Windows Kits\10\include\10.0.19041.0\ucrt" "-IC:\Program Files (x86)\Windows Kits\10\\include\10.0.19041.0\\shared" "-IC:\Program Files (x86)\Windows Kits\10\\include\10.0.19041.0\\um" "-IC:\Program Files (x86)\Windows Kits\10\\include\10.0.19041.0\\winrt" "-IC:\Program Files (x86)\Windows Kits\10\\include\10.0.19041.0\\cppwinrt" /Tcsrc\lxml\etree.c /Fobuild\temp.win-amd64-cpython-311\Release\src\lxml\etree.obj -w
      cl : Command line warning D9025 : overriding '/W3' with '/w'
      etree.c
      C:\Users\Trist\AppData\Local\Temp\pip-install-2ovdfqi7\lxml_71d79faabd4f47f18757d518b5af743d\src\lxml\includes/etree_defs.h(14): fatal error C1083: Cannot open include file: 'libxml/xmlversion.h': No such file or directory
      Compile failed: command 'D:\\Program Files\\Microsoft Visual Studio\\2022\\Community\\VC\\Tools\\MSVC\\14.31.31103\\bin\\HostX86\\x64\\cl.exe' failed with exit code 2
      creating Users
      creating Users\Trist
      creating Users\Trist\AppData
      creating Users\Trist\AppData\Local
      creating Users\Trist\AppData\Local\Temp
      "D:\Program Files\Microsoft Visual Studio\2022\Community\VC\Tools\MSVC\14.31.31103\bin\HostX86\x64\cl.exe" /c /nologo /O2 /W3 /GL /DNDEBUG /MD -I/usr/include/libxml2 "-ID:\Program Files\Microsoft Visual Studio\2022\Community\VC\Tools\MSVC\14.31.31103\ATLMFC\include" "-ID:\Program Files\Microsoft Visual Studio\2022\Community\VC\Tools\MSVC\14.31.31103\include" "-IC:\Program Files (x86)\Windows Kits\NETFXSDK\4.8\include\um" "-IC:\Program Files (x86)\Windows Kits\10\include\10.0.19041.0\ucrt" "-IC:\Program Files (x86)\Windows Kits\10\\include\10.0.19041.0\\shared" "-IC:\Program Files (x86)\Windows Kits\10\\include\10.0.19041.0\\um" "-IC:\Program Files (x86)\Windows Kits\10\\include\10.0.19041.0\\winrt" "-IC:\Program Files (x86)\Windows Kits\10\\include\10.0.19041.0\\cppwinrt" /TcC:\Users\Trist\AppData\Local\Temp\xmlXPathInitn5q0krdy.c /FoUsers\Trist\AppData\Local\Temp\xmlXPathInitn5q0krdy.obj
      xmlXPathInitn5q0krdy.c
      C:\Users\Trist\AppData\Local\Temp\xmlXPathInitn5q0krdy.c(1): fatal error C1083: Cannot open include file: 'libxml/xpath.h': No such file or directory
      error: command 'D:\\Program Files\\Microsoft Visual Studio\\2022\\Community\\VC\\Tools\\MSVC\\14.31.31103\\bin\\HostX86\\x64\\cl.exe' failed with exit code 2
      *********************************************************************************
      Could not find function xmlCheckVersion in library libxml2. Is libxml2 installed?
      *********************************************************************************
      [end of output]

  note: This error originates from a subprocess, and is likely not a problem with pip.
error: legacy-install-failure

× Encountered error while trying to install package.
╰─> lxml

note: This is an issue with the package mentioned above, not pip.
hint: See above for output from the failure.
